<?xml version="1.0" encoding="UTF-8"?>
<testng-results ignored="0" total="1" passed="1" failed="0" skipped="0">
  <reporter-output>
  </reporter-output>
  <suite started-at="2022-04-24T17:11:12Z" name="Test" finished-at="2022-04-24T17:11:35Z" duration-ms="22773">
    <groups>
      <group name="cucumber">
        <method signature="AbstractTestNGCucumberTests.feature(cucumber.api.testng.CucumberFeatureWrapper)[pri:0, instance:zoopla.uk.runnertest.MyRunner@77258e59]" name="feature" class="cucumber.api.testng.AbstractTestNGCucumberTests"/>
      </group> <!-- cucumber -->
    </groups>
    <test started-at="2022-04-24T17:11:12Z" name="zoopla test" finished-at="2022-04-24T17:11:35Z" duration-ms="22773">
      <class name="zoopla.uk.runnertest.MyRunner">
        <test-method is-config="true" signature="setUpClass()[pri:0, instance:zoopla.uk.runnertest.MyRunner@77258e59]" started-at="2022-04-24T17:11:12Z" name="setUpClass" finished-at="2022-04-24T17:11:13Z" duration-ms="581" status="PASS">
          <reporter-output>
          </reporter-output>
        </test-method> <!-- setUpClass -->
        <test-method signature="feature(cucumber.api.testng.CucumberFeatureWrapper)[pri:0, instance:zoopla.uk.runnertest.MyRunner@77258e59]" started-at="2022-04-24T17:11:13Z" name="feature" description="Runs Cucumber Feature" data-provider="features" finished-at="2022-04-24T17:11:35Z" duration-ms="21952" status="PASS">
          <params>
            <param index="0">
              <value>
                <![CDATA[User can search the properties, select the property, buy the property,]]>
              </value>
            </param>
          </params>
          <reporter-output>
          </reporter-output>
        </test-method> <!-- feature -->
        <test-method is-config="true" signature="tearDownClass()[pri:0, instance:zoopla.uk.runnertest.MyRunner@77258e59]" started-at="2022-04-24T17:11:35Z" name="tearDownClass" finished-at="2022-04-24T17:11:35Z" duration-ms="18" status="PASS">
          <reporter-output>
          </reporter-output>
        </test-method> <!-- tearDownClass -->
      </class> <!-- zoopla.uk.runnertest.MyRunner -->
    </test> <!-- zoopla test -->
  </suite> <!-- Test -->
</testng-results>
